[debug] [2023-03-04T19:12:23.756Z] ----------------------------------------------------------------------
[debug] [2023-03-04T19:12:23.758Z] Command:       C:\Program Files\nodejs\node.exe C:\Users\zullo\AppData\Roaming\npm\node_modules\firebase-tools\lib\bin\firebase.js init
[debug] [2023-03-04T19:12:23.759Z] CLI Version:   11.24.0
[debug] [2023-03-04T19:12:23.759Z] Platform:      win32
[debug] [2023-03-04T19:12:23.759Z] Node Version:  v18.13.0
[debug] [2023-03-04T19:12:23.760Z] Time:          Sat Mar 04 2023 16:12:23 GMT-0300 (hora estándar de Argentina)
[debug] [2023-03-04T19:12:23.761Z] ----------------------------------------------------------------------
[debug] 
[debug] [2023-03-04T19:12:23.772Z] > command requires scopes: ["email","openid","https://www.googleapis.com/auth/cloudplatformprojects.readonly","https://www.googleapis.com/auth/firebase","https://www.googleapis.com/auth/cloud-platform"]
[debug] [2023-03-04T19:12:23.773Z] > authorizing via signed-in user (zullolau@gmail.com)
[info] 
     ######## #### ########  ######## ########     ###     ######  ########
     ##        ##  ##     ## ##       ##     ##  ##   ##  ##       ##
     ######    ##  ########  ######   ########  #########  ######  ######
     ##        ##  ##    ##  ##       ##     ## ##     ##       ## ##
     ##       #### ##     ## ######## ########  ##     ##  ######  ########

You're about to initialize a Firebase project in this directory:

  D:\Proyects\ArgPrograma\ProyectoFinal\FFF\Frontend-ArgPrograma

[info] 
=== Project Setup
[info] 
[info] First, let's associate this project directory with a Firebase project.
[info] You can create multiple project aliases by running firebase use --add, 
[info] but for now we'll just set up a default project.
[info] 
